<?xml version="1.0" encoding="UTF-8"?>
<!-- Generated by org.testng.reporters.JUnitReportReporter -->
<testsuite skipped="0" hostname="Apple-no-MacBook-Pro.local" name="com.framework.drivers.MainDriver" tests="1" failures="0" timestamp="21 Apr 2019 08:24:38 GMT" time="7.066" errors="0">
  <testcase name="testGoogle" time="7.066" classname="com.framework.drivers.MainDriver"/>
</testsuite> <!-- com.framework.drivers.MainDriver -->
