<?xml version="1.0" encoding="UTF-8"?>
<!-- Generated by org.testng.reporters.JUnitReportReporter -->
<testsuite skipped="0" hostname="Apple-no-MacBook-Pro.local" name="com.framework.drivers.ChromeDeviceDriver" tests="1" failures="0" timestamp="21 Apr 2019 08:57:57 GMT" time="7.438" errors="0">
  <testcase name="testGoogle" time="7.438" classname="com.framework.drivers.ChromeDeviceDriver"/>
</testsuite> <!-- com.framework.drivers.ChromeDeviceDriver -->
