<?xml version="1.0" encoding="UTF-8"?>
<!-- Generated by org.testng.reporters.JUnitReportReporter -->
<testsuite skipped="0" hostname="Apple-no-MacBook-Pro.local" name="com.framework.testscrips.TravelAdminDemoTC" tests="1" failures="0" timestamp="24 Apr 2019 09:03:20 GMT" time="4.732" errors="0">
  <testcase name="testcase1" time="4.732" classname="com.framework.testscrips.TravelAdminDemoTC"/>
</testsuite> <!-- com.framework.testscrips.TravelAdminDemoTC -->
